INFO: [VRFC 10-2263] Analyzing SystemVerilog file "/home/it/K2_Mircroprocessor_8bit/K2_Mircroprocessor_8bit.srcs/sources_1/new/ALU.sv" into library xil_defaultlib
INFO: [VRFC 10-311] analyzing module ALU
INFO: [VRFC 10-2263] Analyzing SystemVerilog file "/home/it/K2_Mircroprocessor_8bit/K2_Mircroprocessor_8bit.srcs/sources_1/new/Control_Logic.sv" into library xil_defaultlib
INFO: [VRFC 10-311] analyzing module Control_Logic
INFO: [VRFC 10-2263] Analyzing SystemVerilog file "/home/it/LAB4_DSD/LAB4_DSD.srcs/sources_1/new/D_FF.sv" into library xil_defaultlib
INFO: [VRFC 10-311] analyzing module D_FF
INFO: [VRFC 10-2263] Analyzing SystemVerilog file "/home/it/K2_Mircroprocessor_8bit/K2_Mircroprocessor_8bit.srcs/sources_1/new/Data_Memory.sv" into library xil_defaultlib
INFO: [VRFC 10-311] analyzing module Data_Memory
INFO: [VRFC 10-2263] Analyzing SystemVerilog file "/home/it/K2_Mircroprocessor_8bit/K2_Mircroprocessor_8bit.srcs/sources_1/new/Decoder.sv" into library xil_defaultlib
INFO: [VRFC 10-311] analyzing module Decoder
INFO: [VRFC 10-2263] Analyzing SystemVerilog file "/home/it/K2_Mircroprocessor_8bit/K2_Mircroprocessor_8bit.srcs/sources_1/new/K2_Microprocessor.sv" into library xil_defaultlib
INFO: [VRFC 10-311] analyzing module K2_Microprocessor
INFO: [VRFC 10-2263] Analyzing SystemVerilog file "/home/it/K2_Mircroprocessor_8bit/K2_Mircroprocessor_8bit.srcs/sources_1/new/Multiplexers.sv" into library xil_defaultlib
INFO: [VRFC 10-311] analyzing module Multiplexers
INFO: [VRFC 10-2263] Analyzing SystemVerilog file "/home/it/K2_Mircroprocessor_8bit/K2_Mircroprocessor_8bit.srcs/sources_1/new/Program_Counter.sv" into library xil_defaultlib
INFO: [VRFC 10-311] analyzing module Program_Counter
INFO: [VRFC 10-2263] Analyzing SystemVerilog file "/home/it/K2_Mircroprocessor_8bit/K2_Mircroprocessor_8bit.srcs/sources_1/new/ROM.sv" into library xil_defaultlib
INFO: [VRFC 10-311] analyzing module ROM
INFO: [VRFC 10-2263] Analyzing SystemVerilog file "/home/it/K2_Mircroprocessor_8bit/K2_Mircroprocessor_8bit.srcs/sources_1/new/Register.sv" into library xil_defaultlib
INFO: [VRFC 10-311] analyzing module Register
INFO: [VRFC 10-2263] Analyzing SystemVerilog file "/home/it/K2_Mircroprocessor_8bit/K2_Mircroprocessor_8bit.srcs/sim_1/new/TB_K2P.sv" into library xil_defaultlib
INFO: [VRFC 10-311] analyzing module TB_K2P
